00000000 00100000 ldc 0x1000 
00000001 0000000b a2sp 
00000002 ffffff0a adj -1 
00000003 00000a00 ldc 10 
00000004 00000003 stl 0 
00000005 ffffff00 ldc array 
00000006 0000000d call addx 
00000007 fffffc0a addx: adj -4 
00000008 00000100 ldc 1 
00000009 00000003 stl 0 
0000000a 00000100 ldc 1 
0000000b 00000103 stl 1 
0000000c 00000100 loop: ldc 1 
0000000d 00000102 ldl 1 
0000000e 00000006 add 
0000000f 00000103 stl 1 
00000010 00000002 ldl 0 
00000011 00000102 ldl 1 
00000012 00000006 add 
00000013 00000003 stl 0 
00000014 00000402 ldl 4 
00000015 00000102 ldl 1 
00000016 00000007 sub 
00000017 0000010f brz done 
00000018 fffff311 br loop 
00000019 00000002 done: ldl 0 
0000001a 00000012 HALT 
